0 info it worked if it ends with ok
1 verbose cli [ '/usr/local/bin/node',
1 verbose cli   '/usr/local/bin/npm',
1 verbose cli   'install',
1 verbose cli   'node-sqlite3',
1 verbose cli   '--save' ]
2 info using npm@3.10.10
3 info using node@v6.10.1
4 silly loadCurrentTree Starting
5 silly install loadCurrentTree
6 silly install readLocalPackageData
7 silly fetchPackageMetaData node-sqlite3
8 silly fetchNamedPackageData node-sqlite3
9 silly mapToRegistry name node-sqlite3
10 silly mapToRegistry using default registry
11 silly mapToRegistry registry https://registry.npmjs.org/
12 silly mapToRegistry data Result {
12 silly mapToRegistry   raw: 'node-sqlite3',
12 silly mapToRegistry   scope: null,
12 silly mapToRegistry   escapedName: 'node-sqlite3',
12 silly mapToRegistry   name: 'node-sqlite3',
12 silly mapToRegistry   rawSpec: '',
12 silly mapToRegistry   spec: 'latest',
12 silly mapToRegistry   type: 'tag' }
13 silly mapToRegistry uri https://registry.npmjs.org/node-sqlite3
14 verbose request uri https://registry.npmjs.org/node-sqlite3
15 verbose request no auth needed
16 info attempt registry request try #1 at 11:19:32 AM
17 verbose request id ffb98202c6c1483a
18 http request GET https://registry.npmjs.org/node-sqlite3
19 http 200 https://registry.npmjs.org/node-sqlite3
20 verbose headers { server: 'nginx/1.10.1',
20 verbose headers   'content-type': 'application/json',
20 verbose headers   'last-modified': 'Mon, 19 May 2014 07:46:10 GMT',
20 verbose headers   etag: 'W/"5379b6c2-d5e"',
20 verbose headers   'content-encoding': 'gzip',
20 verbose headers   'cache-control': 'max-age=300',
20 verbose headers   'content-length': '861',
20 verbose headers   'accept-ranges': 'bytes',
20 verbose headers   date: 'Fri, 14 Apr 2017 15:19:32 GMT',
20 verbose headers   via: '1.1 varnish',
20 verbose headers   age: '0',
20 verbose headers   connection: 'keep-alive',
20 verbose headers   'x-served-by': 'cache-atl6225-ATL',
20 verbose headers   'x-cache': 'HIT',
20 verbose headers   'x-cache-hits': '1',
20 verbose headers   'x-timer': 'S1492183172.350389,VS0,VE138',
20 verbose headers   vary: 'Accept-Encoding' }
21 silly get cb [ 200,
21 silly get   { server: 'nginx/1.10.1',
21 silly get     'content-type': 'application/json',
21 silly get     'last-modified': 'Mon, 19 May 2014 07:46:10 GMT',
21 silly get     etag: 'W/"5379b6c2-d5e"',
21 silly get     'content-encoding': 'gzip',
21 silly get     'cache-control': 'max-age=300',
21 silly get     'content-length': '861',
21 silly get     'accept-ranges': 'bytes',
21 silly get     date: 'Fri, 14 Apr 2017 15:19:32 GMT',
21 silly get     via: '1.1 varnish',
21 silly get     age: '0',
21 silly get     connection: 'keep-alive',
21 silly get     'x-served-by': 'cache-atl6225-ATL',
21 silly get     'x-cache': 'HIT',
21 silly get     'x-cache-hits': '1',
21 silly get     'x-timer': 'S1492183172.350389,VS0,VE138',
21 silly get     vary: 'Accept-Encoding' } ]
22 verbose get saving node-sqlite3 to /Users/anthonybonitatibus/.npm/registry.npmjs.org/node-sqlite3/.cache.json
23 verbose correctMkdir /Users/anthonybonitatibus/.npm correctMkdir not in flight; initializing
24 silly install normalizeTree
25 silly loadCurrentTree Finishing
26 silly loadIdealTree Starting
27 silly install loadIdealTree
28 silly cloneCurrentTree Starting
29 silly install cloneCurrentTreeToIdealTree
30 silly cloneCurrentTree Finishing
31 silly loadShrinkwrap Starting
32 silly install loadShrinkwrap
33 silly loadShrinkwrap Finishing
34 silly loadAllDepsIntoIdealTree Starting
35 silly install loadAllDepsIntoIdealTree
36 silly resolveWithNewModule node-sqlite3@0.0.3 checking installable status
37 silly cache add args [ 'node-sqlite3', null ]
38 verbose cache add spec node-sqlite3
39 silly cache add parsed spec Result {
39 silly cache add   raw: 'node-sqlite3',
39 silly cache add   scope: null,
39 silly cache add   escapedName: 'node-sqlite3',
39 silly cache add   name: 'node-sqlite3',
39 silly cache add   rawSpec: '',
39 silly cache add   spec: 'latest',
39 silly cache add   type: 'tag' }
40 silly addNamed node-sqlite3@latest
41 verbose addNamed "latest" is being treated as a dist-tag for node-sqlite3
42 info addNameTag [ 'node-sqlite3', 'latest' ]
43 silly mapToRegistry name node-sqlite3
44 silly mapToRegistry using default registry
45 silly mapToRegistry registry https://registry.npmjs.org/
46 silly mapToRegistry data Result {
46 silly mapToRegistry   raw: 'node-sqlite3',
46 silly mapToRegistry   scope: null,
46 silly mapToRegistry   escapedName: 'node-sqlite3',
46 silly mapToRegistry   name: 'node-sqlite3',
46 silly mapToRegistry   rawSpec: '',
46 silly mapToRegistry   spec: 'latest',
46 silly mapToRegistry   type: 'tag' }
47 silly mapToRegistry uri https://registry.npmjs.org/node-sqlite3
48 verbose addNameTag registry:https://registry.npmjs.org/node-sqlite3 not in flight; fetching
49 verbose get https://registry.npmjs.org/node-sqlite3 not expired, no request
50 silly addNameTag next cb for node-sqlite3 with tag latest
51 silly addNamed node-sqlite3@0.0.3
52 verbose addNamed "0.0.3" is a plain semver version for node-sqlite3
53 silly mapToRegistry name node-sqlite3
54 silly mapToRegistry using default registry
55 silly mapToRegistry registry https://registry.npmjs.org/
56 silly mapToRegistry data Result {
56 silly mapToRegistry   raw: 'node-sqlite3',
56 silly mapToRegistry   scope: null,
56 silly mapToRegistry   escapedName: 'node-sqlite3',
56 silly mapToRegistry   name: 'node-sqlite3',
56 silly mapToRegistry   rawSpec: '',
56 silly mapToRegistry   spec: 'latest',
56 silly mapToRegistry   type: 'tag' }
57 silly mapToRegistry uri https://registry.npmjs.org/node-sqlite3
58 verbose addRemoteTarball https://registry.npmjs.org/node-sqlite3/-/node-sqlite3-0.0.3.tgz not in flight; adding
59 verbose addRemoteTarball [ 'https://registry.npmjs.org/node-sqlite3/-/node-sqlite3-0.0.3.tgz',
59 verbose addRemoteTarball   'ca8fb3523ddf09aed682df0412cb9bfc0ef2e274' ]
60 info retry fetch attempt 1 at 11:19:32 AM
61 info attempt registry request try #1 at 11:19:32 AM
62 http fetch GET https://registry.npmjs.org/node-sqlite3/-/node-sqlite3-0.0.3.tgz
63 http fetch 200 https://registry.npmjs.org/node-sqlite3/-/node-sqlite3-0.0.3.tgz
64 silly fetchAndShaCheck shasum ca8fb3523ddf09aed682df0412cb9bfc0ef2e274
65 verbose addTmpTarball /var/folders/8g/0jy1t3v51qlc32xf18z4zdm80000gn/T/npm-18989-e0313b60/registry.npmjs.org/node-sqlite3/-/node-sqlite3-0.0.3.tgz not in flight; adding
66 verbose addTmpTarball already have metadata; skipping unpack for node-sqlite3@0.0.3
67 verbose correctMkdir /Users/anthonybonitatibus/.npm correctMkdir not in flight; initializing
68 silly cache afterAdd node-sqlite3@0.0.3
69 verbose afterAdd /Users/anthonybonitatibus/.npm/node-sqlite3/0.0.3/package/package.json not in flight; writing
70 verbose correctMkdir /Users/anthonybonitatibus/.npm correctMkdir not in flight; initializing
71 verbose afterAdd /Users/anthonybonitatibus/.npm/node-sqlite3/0.0.3/package/package.json written
72 silly loadAllDepsIntoIdealTree Finishing
73 silly loadIdealTree Finishing
74 silly currentTree epix@1.0.0
74 silly currentTree ├── ajv@4.11.5
74 silly currentTree ├── ansi-regex@2.1.1
74 silly currentTree ├── array-find-index@1.0.2
74 silly currentTree ├── asn1@0.2.3
74 silly currentTree ├── assert-plus@0.2.0
74 silly currentTree ├── asynckit@0.4.0
74 silly currentTree ├── aws-sign2@0.6.0
74 silly currentTree ├── aws4@1.6.0
74 silly currentTree ├── balanced-match@0.4.2
74 silly currentTree ├── bcrypt-pbkdf@1.0.1
74 silly currentTree ├── boom@2.10.1
74 silly currentTree ├── brace-expansion@1.1.6
74 silly currentTree ├── builtin-modules@1.1.1
74 silly currentTree ├── camelcase-keys@2.1.0
74 silly currentTree ├── camelcase@2.1.1
74 silly currentTree ├── caseless@0.12.0
74 silly currentTree ├── co@4.6.0
74 silly currentTree ├── code-point-at@1.1.0
74 silly currentTree ├── combined-stream@1.0.5
74 silly currentTree ├── concat-map@0.0.1
74 silly currentTree ├─┬ concat-stream@1.5.0
74 silly currentTree │ ├── isarray@1.0.0
74 silly currentTree │ └── readable-stream@2.0.6
74 silly currentTree ├── core-util-is@1.0.2
74 silly currentTree ├── cryptiles@2.0.5
74 silly currentTree ├── currently-unhandled@0.4.1
74 silly currentTree ├─┬ dashdash@1.14.1
74 silly currentTree │ └── assert-plus@1.0.0
74 silly currentTree ├── debug@2.6.3
74 silly currentTree ├── decamelize@1.2.0
74 silly currentTree ├── deep-extend@0.4.1
74 silly currentTree ├── delayed-stream@1.0.0
74 silly currentTree ├── ecc-jsbn@0.1.1
74 silly currentTree ├── electron-download@3.3.0
74 silly currentTree ├── electron@1.6.2
74 silly currentTree ├── error-ex@1.3.1
74 silly currentTree ├── es6-promise@4.1.0
74 silly currentTree ├── exif@0.6.0
74 silly currentTree ├── extend@3.0.0
74 silly currentTree ├─┬ extract-zip@1.6.0
74 silly currentTree │ └── debug@0.7.4
74 silly currentTree ├── extsprintf@1.0.2
74 silly currentTree ├── fd-slicer@1.0.1
74 silly currentTree ├── find-up@1.1.2
74 silly currentTree ├── forever-agent@0.6.1
74 silly currentTree ├── form-data@2.1.2
74 silly currentTree ├── fs-extra@0.30.0
74 silly currentTree ├── fs.realpath@1.0.0
74 silly currentTree ├── get-stdin@4.0.1
74 silly currentTree ├─┬ getpass@0.1.6
74 silly currentTree │ └── assert-plus@1.0.0
74 silly currentTree ├── glob@7.1.1
74 silly currentTree ├── graceful-fs@4.1.11
74 silly currentTree ├── har-schema@1.0.5
74 silly currentTree ├── har-validator@4.2.1
74 silly currentTree ├── hawk@3.1.3
74 silly currentTree ├── hoek@2.16.3
74 silly currentTree ├── home-path@1.0.5
74 silly currentTree ├── hosted-git-info@2.4.1
74 silly currentTree ├── http-signature@1.1.1
74 silly currentTree ├── indent-string@2.1.0
74 silly currentTree ├── inflight@1.0.6
74 silly currentTree ├── inherits@2.0.3
74 silly currentTree ├── ini@1.3.4
74 silly currentTree ├── is-arrayish@0.2.1
74 silly currentTree ├── is-builtin-module@1.0.0
74 silly currentTree ├── is-finite@1.0.2
74 silly currentTree ├── is-fullwidth-code-point@1.0.0
74 silly currentTree ├── is-typedarray@1.0.0
74 silly currentTree ├── is-utf8@0.2.1
74 silly currentTree ├── isarray@0.0.1
74 silly currentTree ├── isstream@0.1.2
74 silly currentTree ├── jodid25519@1.0.2
74 silly currentTree ├── jsbn@0.1.1
74 silly currentTree ├── json-schema@0.2.3
74 silly currentTree ├── json-stable-stringify@1.0.1
74 silly currentTree ├── json-stringify-safe@5.0.1
74 silly currentTree ├── jsonfile@2.4.0
74 silly currentTree ├── jsonify@0.0.0
74 silly currentTree ├─┬ jsprim@1.4.0
74 silly currentTree │ └── assert-plus@1.0.0
74 silly currentTree ├── klaw@1.3.1
74 silly currentTree ├── load-json-file@1.1.0
74 silly currentTree ├── loud-rejection@1.6.0
74 silly currentTree ├── map-obj@1.0.1
74 silly currentTree ├── meow@3.7.0
74 silly currentTree ├── mime-db@1.27.0
74 silly currentTree ├── mime-types@2.1.15
74 silly currentTree ├── minimatch@3.0.3
74 silly currentTree ├── minimist@1.2.0
74 silly currentTree ├─┬ mkdirp@0.5.0
74 silly currentTree │ └── minimist@0.0.8
74 silly currentTree ├── ms@0.7.2
74 silly currentTree ├── normalize-package-data@2.3.6
74 silly currentTree ├── nugget@2.0.1
74 silly currentTree ├── number-is-nan@1.0.1
74 silly currentTree ├── oauth-sign@0.8.2
74 silly currentTree ├── object-assign@4.1.1
74 silly currentTree ├── object-keys@0.4.0
74 silly currentTree ├── once@1.4.0
74 silly currentTree ├── parse-json@2.2.0
74 silly currentTree ├── path-exists@2.1.0
74 silly currentTree ├── path-is-absolute@1.0.1
74 silly currentTree ├── path-type@1.1.0
74 silly currentTree ├── pend@1.2.0
74 silly currentTree ├── performance-now@0.2.0
74 silly currentTree ├── pify@2.3.0
74 silly currentTree ├── pinkie-promise@2.0.1
74 silly currentTree ├── pinkie@2.0.4
74 silly currentTree ├── pretty-bytes@1.0.4
74 silly currentTree ├── process-nextick-args@1.0.7
74 silly currentTree ├── progress-stream@1.2.0
74 silly currentTree ├── punycode@1.4.1
74 silly currentTree ├── qs@6.4.0
74 silly currentTree ├── rc@1.2.0
74 silly currentTree ├── read-pkg-up@1.0.1
74 silly currentTree ├── read-pkg@1.1.0
74 silly currentTree ├── readable-stream@1.1.14
74 silly currentTree ├── redent@1.0.0
74 silly currentTree ├── repeating@2.0.1
74 silly currentTree ├── request@2.81.0
74 silly currentTree ├── rimraf@2.6.1
74 silly currentTree ├── safe-buffer@5.0.1
74 silly currentTree ├── semver@5.3.0
74 silly currentTree ├── signal-exit@3.0.2
74 silly currentTree ├── single-line-log@1.1.2
74 silly currentTree ├── sntp@1.0.9
74 silly currentTree ├── spdx-correct@1.0.2
74 silly currentTree ├── spdx-expression-parse@1.0.4
74 silly currentTree ├── spdx-license-ids@1.2.2
74 silly currentTree ├── speedometer@0.1.4
74 silly currentTree ├── sql.js@0.4.0
74 silly currentTree ├─┬ sshpk@1.11.0
74 silly currentTree │ └── assert-plus@1.0.0
74 silly currentTree ├── string_decoder@0.10.31
74 silly currentTree ├── string-width@1.0.2
74 silly currentTree ├── stringstream@0.0.5
74 silly currentTree ├── strip-ansi@3.0.1
74 silly currentTree ├── strip-bom@2.0.0
74 silly currentTree ├── strip-indent@1.0.1
74 silly currentTree ├── strip-json-comments@2.0.1
74 silly currentTree ├── sumchecker@1.3.1
74 silly currentTree ├── throttleit@0.0.2
74 silly currentTree ├── through2@0.2.3
74 silly currentTree ├── tough-cookie@2.3.2
74 silly currentTree ├── trim-newlines@1.0.0
74 silly currentTree ├── tunnel-agent@0.6.0
74 silly currentTree ├── tweetnacl@0.14.5
74 silly currentTree ├── typedarray@0.0.6
74 silly currentTree ├── util-deprecate@1.0.2
74 silly currentTree ├── uuid@3.0.1
74 silly currentTree ├── validate-npm-package-license@3.0.1
74 silly currentTree ├── verror@1.3.6
74 silly currentTree ├── wrappy@1.0.2
74 silly currentTree ├── xtend@2.1.2
74 silly currentTree └── yauzl@2.4.1
75 silly idealTree epix@1.0.0
75 silly idealTree ├── ajv@4.11.5
75 silly idealTree ├── ansi-regex@2.1.1
75 silly idealTree ├── array-find-index@1.0.2
75 silly idealTree ├── asn1@0.2.3
75 silly idealTree ├── assert-plus@0.2.0
75 silly idealTree ├── asynckit@0.4.0
75 silly idealTree ├── aws-sign2@0.6.0
75 silly idealTree ├── aws4@1.6.0
75 silly idealTree ├── balanced-match@0.4.2
75 silly idealTree ├── bcrypt-pbkdf@1.0.1
75 silly idealTree ├── boom@2.10.1
75 silly idealTree ├── brace-expansion@1.1.6
75 silly idealTree ├── builtin-modules@1.1.1
75 silly idealTree ├── camelcase-keys@2.1.0
75 silly idealTree ├── camelcase@2.1.1
75 silly idealTree ├── caseless@0.12.0
75 silly idealTree ├── co@4.6.0
75 silly idealTree ├── code-point-at@1.1.0
75 silly idealTree ├── combined-stream@1.0.5
75 silly idealTree ├── concat-map@0.0.1
75 silly idealTree ├─┬ concat-stream@1.5.0
75 silly idealTree │ ├── isarray@1.0.0
75 silly idealTree │ └── readable-stream@2.0.6
75 silly idealTree ├── core-util-is@1.0.2
75 silly idealTree ├── cryptiles@2.0.5
75 silly idealTree ├── currently-unhandled@0.4.1
75 silly idealTree ├─┬ dashdash@1.14.1
75 silly idealTree │ └── assert-plus@1.0.0
75 silly idealTree ├── debug@2.6.3
75 silly idealTree ├── decamelize@1.2.0
75 silly idealTree ├── deep-extend@0.4.1
75 silly idealTree ├── delayed-stream@1.0.0
75 silly idealTree ├── ecc-jsbn@0.1.1
75 silly idealTree ├── electron-download@3.3.0
75 silly idealTree ├── electron@1.6.2
75 silly idealTree ├── error-ex@1.3.1
75 silly idealTree ├── es6-promise@4.1.0
75 silly idealTree ├── exif@0.6.0
75 silly idealTree ├── extend@3.0.0
75 silly idealTree ├─┬ extract-zip@1.6.0
75 silly idealTree │ └── debug@0.7.4
75 silly idealTree ├── extsprintf@1.0.2
75 silly idealTree ├── fd-slicer@1.0.1
75 silly idealTree ├── find-up@1.1.2
75 silly idealTree ├── forever-agent@0.6.1
75 silly idealTree ├── form-data@2.1.2
75 silly idealTree ├── fs-extra@0.30.0
75 silly idealTree ├── fs.realpath@1.0.0
75 silly idealTree ├── get-stdin@4.0.1
75 silly idealTree ├─┬ getpass@0.1.6
75 silly idealTree │ └── assert-plus@1.0.0
75 silly idealTree ├── glob@7.1.1
75 silly idealTree ├── graceful-fs@4.1.11
75 silly idealTree ├── har-schema@1.0.5
75 silly idealTree ├── har-validator@4.2.1
75 silly idealTree ├── hawk@3.1.3
75 silly idealTree ├── hoek@2.16.3
75 silly idealTree ├── home-path@1.0.5
75 silly idealTree ├── hosted-git-info@2.4.1
75 silly idealTree ├── http-signature@1.1.1
75 silly idealTree ├── indent-string@2.1.0
75 silly idealTree ├── inflight@1.0.6
75 silly idealTree ├── inherits@2.0.3
75 silly idealTree ├── ini@1.3.4
75 silly idealTree ├── is-arrayish@0.2.1
75 silly idealTree ├── is-builtin-module@1.0.0
75 silly idealTree ├── is-finite@1.0.2
75 silly idealTree ├── is-fullwidth-code-point@1.0.0
75 silly idealTree ├── is-typedarray@1.0.0
75 silly idealTree ├── is-utf8@0.2.1
75 silly idealTree ├── isarray@0.0.1
75 silly idealTree ├── isstream@0.1.2
75 silly idealTree ├── jodid25519@1.0.2
75 silly idealTree ├── jsbn@0.1.1
75 silly idealTree ├── json-schema@0.2.3
75 silly idealTree ├── json-stable-stringify@1.0.1
75 silly idealTree ├── json-stringify-safe@5.0.1
75 silly idealTree ├── jsonfile@2.4.0
75 silly idealTree ├── jsonify@0.0.0
75 silly idealTree ├─┬ jsprim@1.4.0
75 silly idealTree │ └── assert-plus@1.0.0
75 silly idealTree ├── klaw@1.3.1
75 silly idealTree ├── load-json-file@1.1.0
75 silly idealTree ├── loud-rejection@1.6.0
75 silly idealTree ├── map-obj@1.0.1
75 silly idealTree ├── meow@3.7.0
75 silly idealTree ├── mime-db@1.27.0
75 silly idealTree ├── mime-types@2.1.15
75 silly idealTree ├── minimatch@3.0.3
75 silly idealTree ├── minimist@1.2.0
75 silly idealTree ├─┬ mkdirp@0.5.0
75 silly idealTree │ └── minimist@0.0.8
75 silly idealTree ├── ms@0.7.2
75 silly idealTree ├── node-sqlite3@0.0.3
75 silly idealTree ├── normalize-package-data@2.3.6
75 silly idealTree ├── nugget@2.0.1
75 silly idealTree ├── number-is-nan@1.0.1
75 silly idealTree ├── oauth-sign@0.8.2
75 silly idealTree ├── object-assign@4.1.1
75 silly idealTree ├── object-keys@0.4.0
75 silly idealTree ├── once@1.4.0
75 silly idealTree ├── parse-json@2.2.0
75 silly idealTree ├── path-exists@2.1.0
75 silly idealTree ├── path-is-absolute@1.0.1
75 silly idealTree ├── path-type@1.1.0
75 silly idealTree ├── pend@1.2.0
75 silly idealTree ├── performance-now@0.2.0
75 silly idealTree ├── pify@2.3.0
75 silly idealTree ├── pinkie-promise@2.0.1
75 silly idealTree ├── pinkie@2.0.4
75 silly idealTree ├── pretty-bytes@1.0.4
75 silly idealTree ├── process-nextick-args@1.0.7
75 silly idealTree ├── progress-stream@1.2.0
75 silly idealTree ├── punycode@1.4.1
75 silly idealTree ├── qs@6.4.0
75 silly idealTree ├── rc@1.2.0
75 silly idealTree ├── read-pkg-up@1.0.1
75 silly idealTree ├── read-pkg@1.1.0
75 silly idealTree ├── readable-stream@1.1.14
75 silly idealTree ├── redent@1.0.0
75 silly idealTree ├── repeating@2.0.1
75 silly idealTree ├── request@2.81.0
75 silly idealTree ├── rimraf@2.6.1
75 silly idealTree ├── safe-buffer@5.0.1
75 silly idealTree ├── semver@5.3.0
75 silly idealTree ├── signal-exit@3.0.2
75 silly idealTree ├── single-line-log@1.1.2
75 silly idealTree ├── sntp@1.0.9
75 silly idealTree ├── spdx-correct@1.0.2
75 silly idealTree ├── spdx-expression-parse@1.0.4
75 silly idealTree ├── spdx-license-ids@1.2.2
75 silly idealTree ├── speedometer@0.1.4
75 silly idealTree ├── sql.js@0.4.0
75 silly idealTree ├─┬ sshpk@1.11.0
75 silly idealTree │ └── assert-plus@1.0.0
75 silly idealTree ├── string_decoder@0.10.31
75 silly idealTree ├── string-width@1.0.2
75 silly idealTree ├── stringstream@0.0.5
75 silly idealTree ├── strip-ansi@3.0.1
75 silly idealTree ├── strip-bom@2.0.0
75 silly idealTree ├── strip-indent@1.0.1
75 silly idealTree ├── strip-json-comments@2.0.1
75 silly idealTree ├── sumchecker@1.3.1
75 silly idealTree ├── throttleit@0.0.2
75 silly idealTree ├── through2@0.2.3
75 silly idealTree ├── tough-cookie@2.3.2
75 silly idealTree ├── trim-newlines@1.0.0
75 silly idealTree ├── tunnel-agent@0.6.0
75 silly idealTree ├── tweetnacl@0.14.5
75 silly idealTree ├── typedarray@0.0.6
75 silly idealTree ├── util-deprecate@1.0.2
75 silly idealTree ├── uuid@3.0.1
75 silly idealTree ├── validate-npm-package-license@3.0.1
75 silly idealTree ├── verror@1.3.6
75 silly idealTree ├── wrappy@1.0.2
75 silly idealTree ├── xtend@2.1.2
75 silly idealTree └── yauzl@2.4.1
76 silly generateActionsToTake Starting
77 silly install generateActionsToTake
78 silly generateActionsToTake Finishing
79 silly diffTrees action count 1
80 silly diffTrees add node-sqlite3@0.0.3
81 silly decomposeActions action count 8
82 silly decomposeActions fetch node-sqlite3@0.0.3
83 silly decomposeActions extract node-sqlite3@0.0.3
84 silly decomposeActions test node-sqlite3@0.0.3
85 silly decomposeActions preinstall node-sqlite3@0.0.3
86 silly decomposeActions build node-sqlite3@0.0.3
87 silly decomposeActions install node-sqlite3@0.0.3
88 silly decomposeActions postinstall node-sqlite3@0.0.3
89 silly decomposeActions finalize node-sqlite3@0.0.3
90 silly runTopLevelLifecycles Starting
91 silly executeActions Starting
92 silly install executeActions
93 silly doSerial global-install 0
94 silly doParallel fetch 1
95 verbose correctMkdir /Users/anthonybonitatibus/.npm/_locks correctMkdir not in flight; initializing
96 verbose lock using /Users/anthonybonitatibus/.npm/_locks/staging-de80b814b68afacb.lock for /Users/anthonybonitatibus/Documents/Epix/Epix UI 4.0/node_modules/.staging
97 silly doParallel extract 1
98 silly extract node-sqlite3@0.0.3
99 verbose unbuild node_modules/.staging/node-sqlite3-a1c62a75
100 silly gentlyRm /Users/anthonybonitatibus/Documents/Epix/Epix UI 4.0/node_modules/.staging/node-sqlite3-a1c62a75 is being purged from base /Users/anthonybonitatibus/Documents/Epix/Epix UI 4.0
101 verbose gentlyRm don't care about contents; nuking /Users/anthonybonitatibus/Documents/Epix/Epix UI 4.0/node_modules/.staging/node-sqlite3-a1c62a75
102 verbose tar unpack /Users/anthonybonitatibus/.npm/node-sqlite3/0.0.3/package.tgz
103 verbose tar unpacking to /Users/anthonybonitatibus/Documents/Epix/Epix UI 4.0/node_modules/.staging/node-sqlite3-a1c62a75
104 silly gentlyRm /Users/anthonybonitatibus/Documents/Epix/Epix UI 4.0/node_modules/.staging/node-sqlite3-a1c62a75 is being purged
105 verbose gentlyRm don't care about contents; nuking /Users/anthonybonitatibus/Documents/Epix/Epix UI 4.0/node_modules/.staging/node-sqlite3-a1c62a75
106 silly gunzTarPerm modes [ '755', '644' ]
107 silly gunzTarPerm extractEntry package.json
108 silly gunzTarPerm modified mode [ 'package.json', 438, 420 ]
109 silly gunzTarPerm extractEntry README.md
110 silly gunzTarPerm modified mode [ 'README.md', 438, 420 ]
111 silly gunzTarPerm extractEntry index.js
112 silly gunzTarPerm modified mode [ 'index.js', 438, 420 ]
113 silly gunzTarPerm extractEntry binding.gyp
114 silly gunzTarPerm modified mode [ 'binding.gyp', 438, 420 ]
115 silly gunzTarPerm extractEntry lib/connection.js
116 silly gunzTarPerm modified mode [ 'lib/connection.js', 438, 420 ]
117 silly gunzTarPerm extractEntry lib/node-sqlite.js
118 silly gunzTarPerm modified mode [ 'lib/node-sqlite.js', 438, 420 ]
119 silly gunzTarPerm extractEntry lib/statment.js
120 silly gunzTarPerm modified mode [ 'lib/statment.js', 438, 420 ]
121 silly gunzTarPerm extractEntry src/nodejs/Sqlite3Client.cpp
122 silly gunzTarPerm modified mode [ 'src/nodejs/Sqlite3Client.cpp', 438, 420 ]
123 silly gunzTarPerm extractEntry src/nodejs/ConnJob.h
124 silly gunzTarPerm modified mode [ 'src/nodejs/ConnJob.h', 438, 420 ]
125 silly gunzTarPerm extractEntry src/nodejs/NodeFunction.cpp
126 silly gunzTarPerm modified mode [ 'src/nodejs/NodeFunction.cpp', 438, 420 ]
127 silly gunzTarPerm extractEntry src/nodejs/NodeFunction.h
128 silly gunzTarPerm modified mode [ 'src/nodejs/NodeFunction.h', 438, 420 ]
129 silly gunzTarPerm extractEntry src/nodejs/QueryJob.cc
130 silly gunzTarPerm modified mode [ 'src/nodejs/QueryJob.cc', 438, 420 ]
131 silly gunzTarPerm extractEntry src/nodejs/QueryJob.h
132 silly gunzTarPerm modified mode [ 'src/nodejs/QueryJob.h', 438, 420 ]
133 silly gunzTarPerm extractEntry src/nodejs/ExcuteJob.h
134 silly gunzTarPerm modified mode [ 'src/nodejs/ExcuteJob.h', 438, 420 ]
135 silly gunzTarPerm extractEntry src/nodejs/Sqlite3Client.h
136 silly gunzTarPerm modified mode [ 'src/nodejs/Sqlite3Client.h', 438, 420 ]
137 silly gunzTarPerm extractEntry src/nodejs/Sqlite3Connection.cpp
138 silly gunzTarPerm modified mode [ 'src/nodejs/Sqlite3Connection.cpp', 438, 420 ]
139 silly gunzTarPerm extractEntry src/nodejs/Sqlite3Connection.h
140 silly gunzTarPerm modified mode [ 'src/nodejs/Sqlite3Connection.h', 438, 420 ]
141 silly gunzTarPerm extractEntry src/nodejs/Statement.cpp
142 silly gunzTarPerm modified mode [ 'src/nodejs/Statement.cpp', 438, 420 ]
143 silly gunzTarPerm extractEntry src/nodejs/Statement.h
144 silly gunzTarPerm modified mode [ 'src/nodejs/Statement.h', 438, 420 ]
145 silly gunzTarPerm extractEntry src/sqlite3_encrypt/DbSqlite.cpp
146 silly gunzTarPerm modified mode [ 'src/sqlite3_encrypt/DbSqlite.cpp', 438, 420 ]
147 silly gunzTarPerm extractEntry src/sqlite3_encrypt/DbSqlite.h
148 silly gunzTarPerm modified mode [ 'src/sqlite3_encrypt/DbSqlite.h', 438, 420 ]
149 silly gunzTarPerm extractEntry src/sqlite3_encrypt/platform_config.h
150 silly gunzTarPerm modified mode [ 'src/sqlite3_encrypt/platform_config.h', 438, 420 ]
151 silly gunzTarPerm extractEntry src/sqlite3_encrypt/sqlite3/rijndael.h
152 silly gunzTarPerm modified mode [ 'src/sqlite3_encrypt/sqlite3/rijndael.h', 438, 420 ]
153 silly gunzTarPerm extractEntry src/sqlite3_encrypt/sqlite3/codec.c
154 silly gunzTarPerm modified mode [ 'src/sqlite3_encrypt/sqlite3/codec.c', 438, 420 ]
155 silly gunzTarPerm extractEntry src/sqlite3_encrypt/sqlite3/codecext.c
156 silly gunzTarPerm modified mode [ 'src/sqlite3_encrypt/sqlite3/codecext.c', 438, 420 ]
157 silly gunzTarPerm extractEntry src/sqlite3_encrypt/sqlite3/crypt.c
158 silly gunzTarPerm modified mode [ 'src/sqlite3_encrypt/sqlite3/crypt.c', 438, 420 ]
159 silly gunzTarPerm extractEntry src/sqlite3_encrypt/sqlite3/crypt.h
160 silly gunzTarPerm modified mode [ 'src/sqlite3_encrypt/sqlite3/crypt.h', 438, 420 ]
161 silly gunzTarPerm extractEntry src/sqlite3_encrypt/sqlite3/rijndael.c
162 silly gunzTarPerm modified mode [ 'src/sqlite3_encrypt/sqlite3/rijndael.c', 438, 420 ]
163 silly gunzTarPerm extractEntry src/sqlite3_encrypt/sqlite3/codec.h
164 silly gunzTarPerm modified mode [ 'src/sqlite3_encrypt/sqlite3/codec.h', 438, 420 ]
165 silly gunzTarPerm extractEntry src/sqlite3_encrypt/sqlite3/sha2.c
166 silly gunzTarPerm modified mode [ 'src/sqlite3_encrypt/sqlite3/sha2.c', 438, 420 ]
167 silly gunzTarPerm extractEntry src/sqlite3_encrypt/sqlite3/sha2.h
168 silly gunzTarPerm modified mode [ 'src/sqlite3_encrypt/sqlite3/sha2.h', 438, 420 ]
169 silly gunzTarPerm extractEntry src/sqlite3_encrypt/sqlite3/sqlite3.c
170 silly gunzTarPerm modified mode [ 'src/sqlite3_encrypt/sqlite3/sqlite3.c', 438, 420 ]
171 silly gunzTarPerm extractEntry src/sqlite3_encrypt/sqlite3/sqlite3.h
172 silly gunzTarPerm modified mode [ 'src/sqlite3_encrypt/sqlite3/sqlite3.h', 438, 420 ]
173 silly gunzTarPerm extractEntry src/sqlite3_encrypt/sqlite3/sqlite3ext.h
174 silly gunzTarPerm modified mode [ 'src/sqlite3_encrypt/sqlite3/sqlite3ext.h', 438, 420 ]
175 silly gunzTarPerm extractEntry src/sqlite3_encrypt/sqlite3/sqlite3secure.c
176 silly gunzTarPerm modified mode [ 'src/sqlite3_encrypt/sqlite3/sqlite3secure.c', 438, 420 ]
177 silly gunzTarPerm extractEntry src/sqlite3_encrypt/sqlite3_def.h
178 silly gunzTarPerm modified mode [ 'src/sqlite3_encrypt/sqlite3_def.h', 438, 420 ]
179 silly gunzTarPerm extractEntry src/third_party/CodingConv/encodeutil.cpp
180 silly gunzTarPerm modified mode [ 'src/third_party/CodingConv/encodeutil.cpp', 438, 420 ]
181 silly gunzTarPerm extractEntry src/third_party/CodingConv/encodeutil.h
182 silly gunzTarPerm modified mode [ 'src/third_party/CodingConv/encodeutil.h', 438, 420 ]
183 silly gunzTarPerm extractEntry test/excute.js
184 silly gunzTarPerm modified mode [ 'test/excute.js', 438, 420 ]
185 silly gunzTarPerm extractEntry test/jiami.js
186 silly gunzTarPerm modified mode [ 'test/jiami.js', 438, 420 ]
187 silly gunzTarPerm extractEntry test/query.js
188 silly gunzTarPerm modified mode [ 'test/query.js', 438, 420 ]
189 silly gunzTarPerm extractEntry test/tran.js
190 silly gunzTarPerm modified mode [ 'test/tran.js', 438, 420 ]
191 silly gentlyRm /Users/anthonybonitatibus/Documents/Epix/Epix UI 4.0/node_modules/.staging/node-sqlite3-a1c62a75/node_modules is being purged
192 verbose gentlyRm don't care about contents; nuking /Users/anthonybonitatibus/Documents/Epix/Epix UI 4.0/node_modules/.staging/node-sqlite3-a1c62a75/node_modules
193 silly doParallel preinstall 1
194 silly preinstall node-sqlite3@0.0.3 /Users/anthonybonitatibus/Documents/Epix/Epix UI 4.0/node_modules/.staging/node-sqlite3-a1c62a75
195 info lifecycle node-sqlite3@0.0.3~preinstall: node-sqlite3@0.0.3
196 silly lifecycle node-sqlite3@0.0.3~preinstall: no script for preinstall, continuing
197 silly doReverseSerial remove 0
198 silly doSerial move 0
199 silly doSerial finalize 1
200 silly finalize /Users/anthonybonitatibus/Documents/Epix/Epix UI 4.0/node_modules/node-sqlite3
201 silly doSerial build 1
202 silly build node-sqlite3@0.0.3
203 info linkStuff node-sqlite3@0.0.3
204 silly linkStuff node-sqlite3@0.0.3 has /Users/anthonybonitatibus/Documents/Epix/Epix UI 4.0/node_modules as its parent node_modules
205 verbose linkBins node-sqlite3@0.0.3
206 verbose linkMans node-sqlite3@0.0.3
207 silly doSerial global-link 0
208 silly doParallel update-linked 0
209 silly doSerial install 1
210 silly install node-sqlite3@0.0.3 /Users/anthonybonitatibus/Documents/Epix/Epix UI 4.0/node_modules/.staging/node-sqlite3-a1c62a75
211 info lifecycle node-sqlite3@0.0.3~install: node-sqlite3@0.0.3
212 verbose lifecycle node-sqlite3@0.0.3~install: unsafe-perm in lifecycle true
213 verbose lifecycle node-sqlite3@0.0.3~install: PATH: /usr/local/lib/node_modules/npm/bin/node-gyp-bin:/Users/anthonybonitatibus/Documents/Epix/Epix UI 4.0/node_modules/node-sqlite3/node_modules/.bin:/Users/anthonybonitatibus/Documents/Epix/Epix UI 4.0/node_modules/.bin:/Users/anthonybonitatibus/google-cloud-sdk/bin:/usr/local/bin:/bin:/usr/bin:/Users/anthonybonitatibus/bin:/usr/sbin:/Applications/VirtualBox.app/Contents/MacOS
214 verbose lifecycle node-sqlite3@0.0.3~install: CWD: /Users/anthonybonitatibus/Documents/Epix/Epix UI 4.0/node_modules/node-sqlite3
215 silly lifecycle node-sqlite3@0.0.3~install: Args: [ '-c', 'node-gyp rebuild' ]
216 silly lifecycle node-sqlite3@0.0.3~install: Returned: code: 1  signal: null
217 info lifecycle node-sqlite3@0.0.3~install: Failed to exec install script
218 verbose unlock done using /Users/anthonybonitatibus/.npm/_locks/staging-de80b814b68afacb.lock for /Users/anthonybonitatibus/Documents/Epix/Epix UI 4.0/node_modules/.staging
219 silly rollbackFailedOptional Starting
220 silly rollbackFailedOptional Finishing
221 silly runTopLevelLifecycles Finishing
222 silly install printInstalled
223 warn epix@1.0.0 No repository field.
224 verbose If you need help, you may report this error at:
224 verbose     <https://github.com/npm/npm/issues>
225 verbose stack Error: node-sqlite3@0.0.3 install: `node-gyp rebuild`
225 verbose stack Exit status 1
225 verbose stack     at EventEmitter.<anonymous> (/usr/local/lib/node_modules/npm/lib/utils/lifecycle.js:255:16)
225 verbose stack     at emitTwo (events.js:106:13)
225 verbose stack     at EventEmitter.emit (events.js:191:7)
225 verbose stack     at ChildProcess.<anonymous> (/usr/local/lib/node_modules/npm/lib/utils/spawn.js:40:14)
225 verbose stack     at emitTwo (events.js:106:13)
225 verbose stack     at ChildProcess.emit (events.js:191:7)
225 verbose stack     at maybeClose (internal/child_process.js:886:16)
225 verbose stack     at Process.ChildProcess._handle.onexit (internal/child_process.js:226:5)
226 verbose pkgid node-sqlite3@0.0.3
227 verbose cwd /Users/anthonybonitatibus/Documents/Epix/Epix UI 4.0
228 error Darwin 16.5.0
229 error argv "/usr/local/bin/node" "/usr/local/bin/npm" "install" "node-sqlite3" "--save"
230 error node v6.10.1
231 error npm  v3.10.10
232 error code ELIFECYCLE
233 error node-sqlite3@0.0.3 install: `node-gyp rebuild`
233 error Exit status 1
234 error Failed at the node-sqlite3@0.0.3 install script 'node-gyp rebuild'.
234 error Make sure you have the latest version of node.js and npm installed.
234 error If you do, this is most likely a problem with the node-sqlite3 package,
234 error not with npm itself.
234 error Tell the author that this fails on your system:
234 error     node-gyp rebuild
234 error You can get information on how to open an issue for this project with:
234 error     npm bugs node-sqlite3
234 error Or if that isn't available, you can get their info via:
234 error     npm owner ls node-sqlite3
234 error There is likely additional logging output above.
235 verbose exit [ 1, true ]
